<?xml version="1.0" encoding="UTF-8"?>
<testsuite name="FirstAndLastWordTest" tests="2" skipped="0" failures="0" errors="0" timestamp="2022-10-10T16:07:17" hostname="DESKTOP-AQB9OC5" time="0.001">
  <properties/>
  <testcase name="testSort" classname="FirstAndLastWordTest" time="0.001"/>
  <testcase name="testIgnoreCaseSort" classname="FirstAndLastWordTest" time="0.0"/>
  <system-out><![CDATA[]]></system-out>
  <system-err><![CDATA[]]></system-err>
</testsuite>
