<?xml version="1.0" encoding="UTF-8"?>
<testsuite name="InfectedTest" tests="2" skipped="0" failures="0" errors="0" timestamp="2022-10-05T15:57:40" hostname="DESKTOP-AQB9OC5" time="0.003">
  <properties/>
  <testcase name="testBuilder" classname="InfectedTest" time="0.003"/>
  <testcase name="testInfected" classname="InfectedTest" time="0.0"/>
  <system-out><![CDATA[]]></system-out>
  <system-err><![CDATA[]]></system-err>
</testsuite>
