<?xml version="1.0" encoding="UTF-8"?>
<testsuite name="CarTest" tests="2" skipped="0" failures="0" errors="0" timestamp="2022-10-06T16:11:56" hostname="DESKTOP-AQB9OC5" time="0.004">
  <properties/>
  <testcase name="driveTest" classname="CarTest" time="0.004"/>
  <testcase name="addGasTest" classname="CarTest" time="0.0"/>
  <system-out><![CDATA[]]></system-out>
  <system-err><![CDATA[]]></system-err>
</testsuite>
