<?xml version="1.0" encoding="UTF-8"?>
<testsuite name="it.unisa.country.DataSetTest" tests="2" skipped="0" failures="0" errors="0" timestamp="2022-10-27T16:01:50" hostname="DESKTOP-AQB9OC5" time="0.002">
  <properties/>
  <testcase name="testMaximum" classname="it.unisa.country.DataSetTest" time="0.002"/>
  <testcase name="testMinimum" classname="it.unisa.country.DataSetTest" time="0.0"/>
  <system-out><![CDATA[]]></system-out>
  <system-err><![CDATA[]]></system-err>
</testsuite>
