<?xml version="1.0" encoding="UTF-8"?>
<testsuite name="LockerTest" tests="3" skipped="0" failures="0" errors="0" timestamp="2022-10-10T15:16:20" hostname="DESKTOP-AQB9OC5" time="0.004">
  <properties/>
  <testcase name="testLock" classname="LockerTest" time="0.004"/>
  <testcase name="testNewComb" classname="LockerTest" time="0.0"/>
  <testcase name="testUnlock" classname="LockerTest" time="0.0"/>
  <system-out><![CDATA[]]></system-out>
  <system-err><![CDATA[]]></system-err>
</testsuite>
