<?xml version="1.0" encoding="UTF-8"?>
<testsuite name="StudentTest" tests="1" skipped="0" failures="0" errors="0" timestamp="2022-10-05T15:40:44" hostname="DESKTOP-AQB9OC5" time="0.004">
  <properties/>
  <testcase name="fullTest" classname="StudentTest" time="0.004"/>
  <system-out><![CDATA[]]></system-out>
  <system-err><![CDATA[]]></system-err>
</testsuite>
