<?xml version="1.0" encoding="UTF-8"?>
<testsuite name="SMS.SMSOrganizerTest" tests="2" skipped="0" failures="0" errors="0" timestamp="2022-10-29T12:31:06" hostname="DESKTOP-AQB9OC5" time="0.009">
  <properties/>
  <testcase name="testListByDate" classname="SMS.SMSOrganizerTest" time="0.009"/>
  <testcase name="testListBySender" classname="SMS.SMSOrganizerTest" time="0.0"/>
  <system-out><![CDATA[]]></system-out>
  <system-err><![CDATA[]]></system-err>
</testsuite>
