<?xml version="1.0" encoding="UTF-8"?>
<testsuite name="it.unisa.company.ManagerTest" tests="4" skipped="0" failures="0" errors="0" timestamp="2022-11-01T15:43:13" hostname="DESKTOP-AQB9OC5" time="0.0">
  <properties/>
  <testcase name="setHourlyWageTest" classname="it.unisa.company.ManagerTest" time="0.0"/>
  <testcase name="setWorkedHoursTest" classname="it.unisa.company.ManagerTest" time="0.0"/>
  <testcase name="employerInitialWageTest" classname="it.unisa.company.ManagerTest" time="0.0"/>
  <testcase name="computeWeeklyRevenueTest" classname="it.unisa.company.ManagerTest" time="0.0"/>
  <system-out><![CDATA[]]></system-out>
  <system-err><![CDATA[]]></system-err>
</testsuite>
