<?xml version="1.0" encoding="UTF-8"?>
<testsuite name="CarSellerTest" tests="3" skipped="0" failures="0" errors="0" timestamp="2022-10-26T12:57:15" hostname="DESKTOP-AQB9OC5" time="0.008">
  <properties/>
  <testcase name="priceFindTest" classname="CarSellerTest" time="0.007"/>
  <testcase name="yearFindTest" classname="CarSellerTest" time="0.001"/>
  <testcase name="baseFindTest" classname="CarSellerTest" time="0.0"/>
  <system-out><![CDATA[]]></system-out>
  <system-err><![CDATA[]]></system-err>
</testsuite>
