<?xml version="1.0" encoding="UTF-8"?>
<testsuite name="it.unisa.student.StudentTest" tests="4" skipped="0" failures="0" errors="0" timestamp="2022-10-29T12:25:36" hostname="DESKTOP-AQB9OC5" time="0.007">
  <properties/>
  <testcase name="newStudentTest" classname="it.unisa.student.StudentTest" time="0.004"/>
  <testcase name="studentsOrderTest" classname="it.unisa.student.StudentTest" time="0.0"/>
  <testcase name="twoExamTest" classname="it.unisa.student.StudentTest" time="0.003"/>
  <testcase name="oneExamTest" classname="it.unisa.student.StudentTest" time="0.0"/>
  <system-out><![CDATA[]]></system-out>
  <system-err><![CDATA[]]></system-err>
</testsuite>
